<?xml version="1.0" encoding="UTF-8"?>
<!-- Generated by org.testng.reporters.JUnitReportReporter -->
<testsuite hostname="LAPTOP-RSUQQ0SO" failures="0" tests="2" name="testNGExecution.TestMethod2" time="0.003" errors="0" timestamp="2023-07-19T23:57:45 IST" skipped="0">
  <testcase classname="testNGExecution.TestMethod2" name="testMethod4" time="0.002">
    <system-out>
      <![CDATA[thread id of testMethod4 :1]]>
    </system-out>
  </testcase> <!-- testMethod4 -->
  <testcase classname="testNGExecution.TestMethod2" name="testMethod3" time="0.001">
    <system-out>
      <![CDATA[thread id of testMethod3:1]]>
    </system-out>
  </testcase> <!-- testMethod3 -->
  <system-out>
    <![CDATA[thread id of testMethod1:1
thread id of testMethod2 :1
thread id of testMethod3:1
thread id of testMethod4 :1
thread id of testMethod3:1
thread id of testMethod4 :1]]>
  </system-out>
</testsuite> <!-- testNGExecution.TestMethod2 -->
