<?xml version="1.0" encoding="UTF-8"?>
<!-- Generated by org.testng.reporters.JUnitReportReporter -->
<testsuite hostname="LAPTOP-RSUQQ0SO" failures="0" tests="2" name="testNGPack2.Demo3" time="0.013" errors="0" timestamp="2023-07-19T21:33:22 IST" skipped="0">
  <testcase classname="testNGPack2.Demo3" name="method5" time="0.011">
    <system-out>
      <![CDATA[This is method5]]>
    </system-out>
  </testcase> <!-- method5 -->
  <testcase classname="testNGPack2.Demo3" name="method6" time="0.002">
    <system-out>
      <![CDATA[This is method6]]>
    </system-out>
  </testcase> <!-- method6 -->
  <system-out>
    <![CDATA[This is method5
This is method6]]>
  </system-out>
</testsuite> <!-- testNGPack2.Demo3 -->
