<?xml version="1.0" encoding="UTF-8"?>
<!-- Generated by org.testng.reporters.JUnitReportReporter -->
<testsuite hostname="LAPTOP-RSUQQ0SO" failures="0" tests="2" name="testNGExecution.TestMethod3" time="0.004" errors="0" timestamp="2023-07-19T23:57:45 IST" skipped="0">
  <testcase classname="testNGExecution.TestMethod3" name="testMethod5" time="0.003">
    <system-out>
      <![CDATA[thread id of testMethod3:1]]>
    </system-out>
  </testcase> <!-- testMethod5 -->
  <testcase classname="testNGExecution.TestMethod3" name="testMethod6" time="0.001">
    <system-out>
      <![CDATA[thread id of testMethod4 :1]]>
    </system-out>
  </testcase> <!-- testMethod6 -->
  <system-out>
    <![CDATA[thread id of testMethod1:1
thread id of testMethod2 :1
thread id of testMethod3:1
thread id of testMethod4 :1
thread id of testMethod3:1
thread id of testMethod4 :1]]>
  </system-out>
</testsuite> <!-- testNGExecution.TestMethod3 -->
