<?xml version="1.0" encoding="UTF-8"?>
<!-- Generated by org.testng.reporters.JUnitReportReporter -->
<testsuite hostname="LAPTOP-RSUQQ0SO" failures="0" tests="2" name="testNGExecution.TestMethod1" time="0.009" errors="0" timestamp="2023-07-19T23:57:45 IST" skipped="0">
  <testcase classname="testNGExecution.TestMethod1" name="testMethod1" time="0.007">
    <system-out>
      <![CDATA[thread id of testMethod1:1]]>
    </system-out>
  </testcase> <!-- testMethod1 -->
  <testcase classname="testNGExecution.TestMethod1" name="testMethod2" time="0.002">
    <system-out>
      <![CDATA[thread id of testMethod2 :1]]>
    </system-out>
  </testcase> <!-- testMethod2 -->
  <system-out>
    <![CDATA[thread id of testMethod1:1
thread id of testMethod2 :1
thread id of testMethod3:1
thread id of testMethod4 :1
thread id of testMethod3:1
thread id of testMethod4 :1]]>
  </system-out>
</testsuite> <!-- testNGExecution.TestMethod1 -->
