<?xml version="1.0" encoding="UTF-8"?>
<!-- Generated by org.testng.reporters.JUnitReportReporter -->
<testsuite hostname="LAPTOP-RSUQQ0SO" failures="0" tests="2" name="testNGPack2.Demo2" time="0.019" errors="0" timestamp="2023-07-19T21:31:19 IST" skipped="0">
  <testcase classname="testNGPack2.Demo2" name="method3" time="0.012">
    <system-out>
      <![CDATA[This is method3]]>
    </system-out>
  </testcase> <!-- method3 -->
  <testcase classname="testNGPack2.Demo2" name="method4" time="0.007">
    <system-out>
      <![CDATA[This is method4]]>
    </system-out>
  </testcase> <!-- method4 -->
  <system-out>
    <![CDATA[This is method3
This is method4]]>
  </system-out>
</testsuite> <!-- testNGPack2.Demo2 -->
