<?xml version="1.0" encoding="UTF-8"?>
<!-- Generated by org.testng.reporters.JUnitReportReporter -->
<testsuite hostname="LAPTOP-RSUQQ0SO" failures="0" tests="1" name="testNGExecution.Test2" time="5.962" errors="0" timestamp="2023-07-19T23:05:11 IST" skipped="0">
  <testcase classname="testNGExecution.Test2" name="test2Method" time="5.962"/>
</testsuite> <!-- testNGExecution.Test2 -->
