<?xml version="1.0" encoding="UTF-8"?>
<!-- Generated by org.testng.reporters.JUnitReportReporter -->
<testsuite hostname="LAPTOP-RSUQQ0SO" failures="0" tests="1" name="testNgPackage2.Demo" time="5.842" errors="0" timestamp="2023-07-18T23:19:43 IST" skipped="0">
  <testcase classname="testNgPackage2.Demo" name="method1" time="5.842">
    <system-out>
      <![CDATA[This is Demo TestNG Class!!]]>
    </system-out>
  </testcase> <!-- method1 -->
  <system-out>
    <![CDATA[This is Demo TestNG Class!!]]>
  </system-out>
</testsuite> <!-- testNgPackage2.Demo -->
