<?xml version="1.0" encoding="UTF-8"?>
<!-- Generated by org.testng.reporters.JUnitReportReporter -->
<testsuite hostname="LAPTOP-RSUQQ0SO" failures="0" tests="1" name="testNgPackage.Sumo" time="4.169" errors="0" timestamp="2023-07-19T23:54:11 IST" skipped="0">
  <testcase classname="testNgPackage.Sumo" name="method3" time="4.169">
    <system-out>
      <![CDATA[This is Sumo TestNG Class!!]]>
    </system-out>
  </testcase> <!-- method3 -->
  <system-out>
    <![CDATA[This is Demo TestNG Class!!
This is Remo TestNG Class!!
This is Sumo TestNG Class!!]]>
  </system-out>
</testsuite> <!-- testNgPackage.Sumo -->
