<?xml version="1.0" encoding="UTF-8"?>
<!-- Generated by org.testng.reporters.JUnitReportReporter -->
<testsuite hostname="LAPTOP-RSUQQ0SO" failures="0" tests="1" name="testNGExecution.Test1" time="5.198" errors="0" timestamp="2023-07-19T22:55:01 IST" skipped="0">
  <testcase classname="testNGExecution.Test1" name="test1Method" time="5.198"/>
</testsuite> <!-- testNGExecution.Test1 -->
