<?xml version="1.0" encoding="UTF-8"?>
<!-- Generated by org.testng.reporters.JUnitReportReporter -->
<testsuite hostname="LAPTOP-RSUQQ0SO" failures="0" tests="1" name="testNgPackage2.Remo" time="8.794" errors="0" timestamp="2023-07-19T15:07:45 IST" skipped="0">
  <testcase classname="testNgPackage2.Remo" name="method2" time="8.794">
    <system-out>
      <![CDATA[This is Remo TestNG Class!!]]>
    </system-out>
  </testcase> <!-- method2 -->
  <system-out>
    <![CDATA[This is Remo TestNG Class!!]]>
  </system-out>
</testsuite> <!-- testNgPackage2.Remo -->
