<?xml version="1.0" encoding="UTF-8"?>
<!-- Generated by org.testng.reporters.JUnitReportReporter -->
<testsuite hostname="LAPTOP-RSUQQ0SO" failures="0" tests="1" name="testNGExecution.Test3" time="7.114" errors="0" timestamp="2023-07-19T23:08:43 IST" skipped="0">
  <testcase classname="testNGExecution.Test3" name="test3Method" time="7.114"/>
</testsuite> <!-- testNGExecution.Test3 -->
