<?xml version="1.0" encoding="UTF-8"?>
<!-- Generated by org.testng.reporters.JUnitReportReporter -->
<testsuite hostname="LAPTOP-RSUQQ0SO" failures="0" tests="2" name="testNGPack2.Demo1" time="0.016" errors="0" timestamp="2023-07-19T21:21:41 IST" skipped="0">
  <testcase classname="testNGPack2.Demo1" name="method1" time="0.012">
    <system-out>
      <![CDATA[This is method1]]>
    </system-out>
  </testcase> <!-- method1 -->
  <testcase classname="testNGPack2.Demo1" name="method2" time="0.004">
    <system-out>
      <![CDATA[This is method2]]>
    </system-out>
  </testcase> <!-- method2 -->
  <system-out>
    <![CDATA[This is method1
This is method2]]>
  </system-out>
</testsuite> <!-- testNGPack2.Demo1 -->
